0 info it worked if it ends with ok
1 verbose cli [ 'C:\\Program Files (x86)\\nodejs\\node.exe',
1 verbose cli   'C:\\Program Files (x86)\\nodejs\\node_modules\\npm\\bin\\npm-cli.js',
1 verbose cli   'start' ]
2 info using npm@3.10.10
3 info using node@v6.9.5
4 verbose run-script [ 'prestart', 'start', 'poststart' ]
5 info lifecycle my-app1@0.0.0~prestart: my-app1@0.0.0
6 silly lifecycle my-app1@0.0.0~prestart: no script for prestart, continuing
7 info lifecycle my-app1@0.0.0~start: my-app1@0.0.0
8 verbose lifecycle my-app1@0.0.0~start: unsafe-perm in lifecycle true
9 verbose lifecycle my-app1@0.0.0~start: PATH: C:\Program Files (x86)\nodejs\node_modules\npm\bin\node-gyp-bin;C:\Users\spike\Google Drive\programming\angular\my-app1\node_modules\.bin;%SystemRoot%\system32\WindowsPowerShell\v1.0\;C:\ProgramData\Oracle\Java\javapath;C:\Python34\;C:\Python34\Scripts;C:\Program Files (x86)\NVIDIA Corporation\PhysX\Common;SystemRoot%\system32;C:\Windows;C:\Windows\System32\Wbem;C:\Windows\System32\WindowsPowerShell\v1.0\;C:\Program Files (x86)\ATI Technologies\ATI.ACE\Core-Static;C:\Program Files\gettext-utils\bin;C:\Program Files (x86)\TortoiseHg\;C:\Program Files (x86)\Pinnacle\Shared Files\;C:\Program Files (x86)\Pinnacle\Shared Files\Filter\;C:\Program Files (x86)\Common Files\Acronis\SnapAPI\;C:\Program Files (x86)\Git\cmd;C:\Program Files (x86)\Git\bin;C:\Program Files (x86)\Calibre2\;C:\Program Files\Microsoft\Web Platform Installer\;C:\Program Files (x86)\Microsoft ASP.NET\ASP.NET Web Pages\v1.0\;C:\Program Files (x86)\Windows Kits\8.0\Windows Performance Toolkit\;C:\Windows\System32\;C:\Program Files\Java\jdk1.8.0_91\bin;C:\Users\spike\AppData\Local\Android\sdk\platform-tools;C:\Users\spike\AppData\Local\Android\sdk\tools;C:\Program Files (x86)\Skype\Phone\;C:\Program Files (x86)\QuickTime\QTSystem\;C:\Users\spike\AppData\Local\Google\Chrome\Application\chrome.exe;C:\Program Files (x86)\nodejs\;C:\Program Files (x86)\Brackets\command;C:\Users\spike\AppData\Roaming\npm
10 verbose lifecycle my-app1@0.0.0~start: CWD: C:\Users\spike\Google Drive\programming\angular\my-app1
11 silly lifecycle my-app1@0.0.0~start: Args: [ '/d /s /c', 'ng serve' ]
12 silly lifecycle my-app1@0.0.0~start: Returned: code: 1  signal: null
13 info lifecycle my-app1@0.0.0~start: Failed to exec start script
14 verbose stack Error: my-app1@0.0.0 start: `ng serve`
14 verbose stack Exit status 1
14 verbose stack     at EventEmitter.<anonymous> (C:\Program Files (x86)\nodejs\node_modules\npm\lib\utils\lifecycle.js:255:16)
14 verbose stack     at emitTwo (events.js:106:13)
14 verbose stack     at EventEmitter.emit (events.js:191:7)
14 verbose stack     at ChildProcess.<anonymous> (C:\Program Files (x86)\nodejs\node_modules\npm\lib\utils\spawn.js:40:14)
14 verbose stack     at emitTwo (events.js:106:13)
14 verbose stack     at ChildProcess.emit (events.js:191:7)
14 verbose stack     at maybeClose (internal/child_process.js:877:16)
14 verbose stack     at Process.ChildProcess._handle.onexit (internal/child_process.js:226:5)
15 verbose pkgid my-app1@0.0.0
16 verbose cwd C:\Users\spike\Google Drive\programming\angular\my-app1
17 error Windows_NT 6.1.7600
18 error argv "C:\\Program Files (x86)\\nodejs\\node.exe" "C:\\Program Files (x86)\\nodejs\\node_modules\\npm\\bin\\npm-cli.js" "start"
19 error node v6.9.5
20 error npm  v3.10.10
21 error code ELIFECYCLE
22 error my-app1@0.0.0 start: `ng serve`
22 error Exit status 1
23 error Failed at the my-app1@0.0.0 start script 'ng serve'.
23 error Make sure you have the latest version of node.js and npm installed.
23 error If you do, this is most likely a problem with the my-app1 package,
23 error not with npm itself.
23 error Tell the author that this fails on your system:
23 error     ng serve
23 error You can get information on how to open an issue for this project with:
23 error     npm bugs my-app1
23 error Or if that isn't available, you can get their info via:
23 error     npm owner ls my-app1
23 error There is likely additional logging output above.
24 verbose exit [ 1, true ]
